<?xml version="1.0" encoding="UTF-8" ?>
<testsuite tests="4" failures="0" name="org.noos.xing.mydoggy.plaf.TestTWManagerBasic" time="0.004" errors="0" skipped="0">
  <properties>
[...]
</properties>
  <testcase classname="org.noos.xing.mydoggy.plaf.TestTWManagerBasic" name="testToolWindowMethods" time="0"/>
  <testcase classname="org.noos.xing.mydoggy.plaf.TestTWManagerBasic" name="testToolWindowGroupMethods" time="0"/>
  <testcase classname="org.noos.xing.mydoggy.plaf.TestTWManagerBasic" name="testToolWindowTypeDescriptor" time="0"/>
  <testcase classname="org.noos.xing.mydoggy.plaf.TestTWManagerBasic" name="testGetInstance" time="0.004"/>
</testsuite>